$ 请输入问题：康志远运势 - 2018-07-26 18:25:36
第1变：44   第2变：40   第3变：36   第1爻：9
第1变：44   第2变：40   第3变：36   第2爻：9
第1变：44   第2变：40   第3变：36   第3爻：9
第1变：44   第2变：40   第3变：32   第4爻：8
第1变：40   第2变：36   第3变：32   第5爻：8
第1变：44   第2变：40   第3变：36   第6爻：9
六爻(988999) >> 本卦-大畜(100111) >> 变卦-坤(000000)
[大畜之坤] 转祸为福，喜来入屋。春城夏国，可以饮食，保全家室。

$ 请输入问题：刘子墨上学 - 2018-07-26 18:55:10
第1变：44   第2变：40   第3变：36   第1爻：9
第1变：44   第2变：40   第3变：32   第2爻：8
第1变：44   第2变：40   第3变：32   第3爻：8
第1变：44   第2变：40   第3变：36   第4爻：9
第1变：44   第2变：40   第3变：36   第5爻：9
第1变：44   第2变：40   第3变：32   第6爻：8
六爻(899889) >> 本卦-随(011001) >> 变卦-坤(000000)
[随之坤] 唐虞相辅，鸟兽喜舞。安康无事，国家富有。

$ 请输入问题：1 - 2018-07-26 18:55:19
第1变：40   第2变：32   第3变：28   第1爻：7
第1变：44   第2变：36   第3变：32   第2爻：8
第1变：40   第2变：36   第3变：28   第3爻：7
第1变：40   第2变：36   第3变：32   第4爻：8
第1变：40   第2变：36   第3变：32   第5爻：8
第1变：44   第2变：40   第3变：32   第6爻：8
六爻(888787) >> 本卦-明夷(000101) >> 变卦-明夷(000101)
[明夷之明夷] 他山之错，与璆为仇。来攻吾城，伤我肌肤，邦家骚忧。

$ 请输入问题：刘子墨上学 - 2018-07-26 18:55:34
第1变：44   第2变：40   第3变：32   第1爻：8
第1变：44   第2变：40   第3变：36   第2爻：9
第1变：44   第2变：40   第3变：32   第3爻：8
第1变：44   第2变：40   第3变：36   第4爻：9
第1变：44   第2变：40   第3变：36   第5爻：9
第1变：44   第2变：36   第3变：28   第6爻：7
六爻(799898) >> 本卦-讼(111010) >> 变卦-剥(100000)
[讼之剥] 负牛上山，力劣行难。烈风雨雪，遮遏我前。中道复还，忧苦自欢。

$ 请输入问题：刘晓红今后运势 - 2018-07-26 18:59:44
第1变：44   第2变：40   第3变：36   第1爻：9
第1变：40   第2变：36   第3变：32   第2爻：8
第1变：44   第2变：40   第3变：36   第3爻：9
第1变：44   第2变：40   第3变：32   第4爻：8
第1变：44   第2变：36   第3变：32   第5爻：8
第1变：44   第2变：40   第3变：36   第6爻：9
六爻(988989) >> 本卦-贲(100101) >> 变卦-坤(000000)
[贲之坤] 鬼守我门，呼伯入山。去其室家，舍其兆墓。

$ 请输入问题：康志远什么时间结婚 - 2018-07-26 19:13:52
第1变：44   第2变：40   第3变：32   第1爻：8
第1变：40   第2变：32   第3变：24   第2爻：6
第1变：44   第2变：40   第3变：36   第3爻：9
第1变：44   第2变：40   第3变：36   第4爻：9
第1变：40   第2变：36   第3变：32   第5爻：8
第1变：44   第2变：40   第3变：32   第6爻：8
六爻(889968) >> 本卦-小过(001100) >> 变卦-师(000010)
[小过之师] 匠卿操斧，豫章危殆。袍衣脱剥，禄命讫已。

$ 请输入问题：杨东亮今年运势 - 2018-07-26 19:18:48
第1变：44   第2变：40   第3变：36   第1爻：9
第1变：44   第2变：40   第3变：36   第2爻：9
第1变：40   第2变：36   第3变：32   第3爻：8
第1变：44   第2变：40   第3变：36   第4爻：9
第1变：44   第2变：40   第3变：36   第5爻：9
第1变：44   第2变：40   第3变：36   第6爻：9
六爻(999899) >> 本卦-履(111011) >> 变卦-坤(000000)
[履之坤] 循河樀舟，旁淮东游。渔夫举网，先得大鰌。

$ 请输入问题：康志远今年运势 - 2018-07-26 19:20:34
第1变：44   第2变：40   第3变：36   第1爻：9
第1变：44   第2变：40   第3变：36   第2爻：9
第1变：44   第2变：36   第3变：32   第3爻：8
第1变：44   第2变：40   第3变：36   第4爻：9
第1变：44   第2变：40   第3变：36   第5爻：9
第1变：44   第2变：40   第3变：36   第6爻：9
六爻(999899) >> 本卦-履(111011) >> 变卦-坤(000000)
[履之坤] 循河樀舟，旁淮东游。渔夫举网，先得大鰌。

$ 请输入问题：康志远今年运势 - 2018-07-26 19:21:28
第1变：44   第2变：40   第3变：32   第1爻：8
第1变：44   第2变：40   第3变：36   第2爻：9
第1变：44   第2变：36   第3变：32   第3爻：8
第1变：40   第2变：36   第3变：32   第4爻：8
第1变：44   第2变：40   第3变：36   第5爻：9
第1变：44   第2变：36   第3变：28   第6爻：7
六爻(798898) >> 本卦-涣(110010) >> 变卦-剥(100000)
[涣之剥] 为虎所囓，泰山之阳。众多从者，莫敢救藏。

$ 请输入问题：杨东亮今年运势 - 2018-07-26 19:21:54
第1变：44   第2变：36   第3变：32   第1爻：8
第1变：44   第2变：40   第3变：32   第2爻：8
第1变：44   第2变：40   第3变：32   第3爻：8
第1变：44   第2变：40   第3变：36   第4爻：9
第1变：40   第2变：36   第3变：32   第5爻：8
第1变：44   第2变：36   第3变：32   第6爻：8
六爻(889888) >> 本卦-豫(001000) >> 变卦-坤(000000)
[豫之坤] 蔡侯朝楚，留连江滨。逾时历月，思其后君。

